<?xml version="1.0" encoding="UTF-8"?>
<!-- Generated by org.testng.reporters.JUnitReportReporter -->
<testsuite hostname="Kirthga" failures="0" tests="1" name="kirthi.TestNG" time="0.015" errors="0" timestamp="2023-08-04T20:14:10 GST" skipped="0">
  <testcase classname="kirthi.TestNG" name="Tc1" time="0.015"/>
</testsuite> <!-- kirthi.TestNG -->
