<?xml version="1.0" encoding="UTF-8"?>
<!-- Generated by org.testng.reporters.JUnitReportReporter -->
<testsuite hostname="Kirthga" failures="0" tests="2" name="kirthi.Demo1" time="7.778" errors="0" timestamp="2023-08-24T21:32:13 GST" skipped="0">
  <testcase classname="kirthi.Demo1" name="tc1" time="4.992"/>
  <testcase classname="kirthi.Demo1" name="tc2" time="2.786"/>
</testsuite> <!-- kirthi.Demo1 -->
